2024-04-04 15:25:02.179 [main] INFO  com.rs.mv.mvvs.Startup - [LSP:100101]ROCKET MV BASIC EXTENSION to start
2024-04-04 15:25:02.223 [main] INFO  com.rs.mv.mvvs.lsp.server.BasicLanguageServerLauncher - [LSP:100102]start pip server
2024-04-04 15:25:02.345 [main] INFO  com.rs.mv.mvvs.lsp.server.BasicLanguageServerLauncher - [LSP:100103]ROCKET MV BASIC EXTENSION start successful
2024-04-04 15:25:02.404 [pool-3-thread-1] INFO  com.rs.mv.mvvs.instance.workspace.WorkspaceManager - [workspace:200101]load all workspace folders start
2024-04-04 15:25:02.405 [pool-3-thread-1] INFO  com.rs.mv.mvvs.instance.workspace.WorkspaceManager - [workspace:20010201]root uri: file:///c%3A/01_UV_UD_guides/MYD3PROGRAMS
2024-04-04 15:25:02.406 [pool-3-thread-1] INFO  com.rs.mv.mvvs.instance.workspace.handler.FolderHandler - [workspace:200103]workspace contains workspace folder: file:///c%3A/01_UV_UD_guides/MYD3PROGRAMS
2024-04-04 15:25:02.428 [pool-3-thread-1] INFO  com.rs.mv.mvvs.instance.workspace.handler.FolderHandler - [workspace:200104]workspace folder will be cached: file:///c%3A/01_UV_UD_guides/MYD3PROGRAMS
2024-04-04 15:25:02.431 [pool-3-thread-1] INFO  com.rs.mv.mvvs.rmv.config.Config - [framework:30010101]config load start
2024-04-04 15:25:02.431 [pool-3-thread-1] INFO  com.rs.mv.mvvs.rmv.config.Config - [framework:30010102]project config path is : C:/01_UV_UD_guides/MYD3PROGRAMS/.rmv/config
2024-04-04 15:25:02.431 [pool-3-thread-1] INFO  com.rs.mv.mvvs.rmv.config.Config - [framework:30010103]resource config path is : /
2024-04-04 15:25:02.432 [pool-3-thread-1] INFO  com.rs.mv.mvvs.rmv.config.Config - [framework:30010104]user config path is : C:/Users/rprasad
2024-04-04 15:25:02.448 [pool-3-thread-1] INFO  com.rs.mv.mvvs.rmv.config.Config - [framework:30010105]config load end
2024-04-04 15:25:02.450 [pool-3-thread-1] INFO  com.rs.mv.mvvs.rmv.documentation.BasicDocumentation - [framework:30020101]documentation load start
2024-04-04 15:25:02.452 [pool-3-thread-1] INFO  com.rs.mv.mvvs.rmv.documentation.reader.SystemDocReader - [framework:30020102]system documentation path: /documentation/UNIVERSE/
2024-04-04 15:25:02.455 [pool-3-thread-1] INFO  com.rs.mv.mvvs.rmv.documentation.reader.ProjectDocReader - [framework:30020103]project documentation brief file: C:\01_UV_UD_guides\MYD3PROGRAMS\.rmv\documentation\UNIVERSE\custom.json
2024-04-04 15:25:02.456 [pool-3-thread-1] INFO  com.rs.mv.mvvs.rmv.documentation.reader.UserDocReader - [framework:30020104]user documentation brief file: C:\Users\rprasad\documentation\UNIVERSE\custom.json
2024-04-04 15:25:02.552 [pool-3-thread-1] INFO  com.rs.mv.mvvs.rmv.documentation.BasicDocumentation - [framework:30020105]documentation load end
2024-04-04 15:25:02.558 [pool-3-thread-1] INFO  com.rs.mv.mvvs.common.convertor.ConvertorManager - [framework:30030101]convertors for folder(C:/01_UV_UD_guides/MYD3PROGRAMS) load start
2024-04-04 15:25:02.564 [pool-3-thread-1] INFO  com.rs.mv.mvvs.common.convertor.ConvertorManager - [framework:30030102]comment convertor load finish
2024-04-04 15:25:02.729 [pool-3-thread-1] INFO  com.rs.mv.mvvs.common.convertor.ConvertorManager - [framework:30030103]keyword convertor load finish
2024-04-04 15:25:02.733 [pool-3-thread-1] INFO  com.rs.mv.mvvs.common.convertor.ConvertorManager - [framework:30030104]operator convertor load finish
2024-04-04 15:25:02.734 [pool-3-thread-1] INFO  com.rs.mv.mvvs.common.convertor.ConvertorManager - [framework:30030105]function name convertor load finish
2024-04-04 15:25:02.734 [pool-3-thread-1] INFO  com.rs.mv.mvvs.common.convertor.ConvertorManager - [framework:30030106]atVariable convertor load finish
2024-04-04 15:25:02.734 [pool-3-thread-1] INFO  com.rs.mv.mvvs.common.convertor.ConvertorManager - [framework:30030107]convertors for folder(C:/01_UV_UD_guides/MYD3PROGRAMS) load end
2024-04-04 15:25:02.736 [pool-3-thread-1] INFO  com.rs.mv.mvvs.rmv.config.CapabilityConfig - [framework:30010301]capabilities file(C:/01_UV_UD_guides/MYD3PROGRAMS/config/capability) doesn't exist or read error, default config will take effect
2024-04-04 15:25:02.737 [pool-3-thread-1] INFO  com.rs.mv.mvvs.instance.workspace.WorkspaceManager - [workspace:200105]load all workspace folders successful
2024-04-04 15:25:02.739 [pool-3-thread-1] INFO  com.rs.mv.mvvs.client.account.AccountManager - [client:40010101]load account manager start
2024-04-04 15:25:02.755 [pool-3-thread-1] INFO  com.rs.mv.mvvs.client.account.handler.CacheAccountHandler - [client:40010102]load cache account: Account{name=MYD3PROGRAMS, path=C:/01_UV_UD_guides/MYD3PROGRAMS/.rmv/cache/dendevmvdtrav01.dev.rocketsoftware.com/31438/MYD3PROGRAMS}
2024-04-04 15:25:02.759 [pool-3-thread-1] INFO  com.rs.mv.mvvs.client.account.handler.ExternalAccountHandler - [client:40010103]load external account: Account{name=XDEMO, path=/usr/uv/XDEMO}
2024-04-04 15:25:02.831 [pool-3-thread-1] INFO  com.rs.mv.mvvs.client.catalog.manager.U2CatalogManager - [client:400203]cache file auto update thread launch in MYD3PROGRAMS account
2024-04-04 15:25:02.839 [pool-3-thread-1] INFO  com.rs.mv.mvvs.client.catalog.from.config.DirsConfigReader - [client:400206]parse dir config information
2024-04-04 15:25:02.843 [pool-3-thread-1] INFO  com.rs.mv.mvvs.client.catalog.from.config.MappingConfigReader - [client:400207]parse mapping config information
2024-04-04 15:25:02.845 [pool-3-thread-1] INFO  com.rs.mv.mvvs.client.catalog.manager.U2CatalogManager - [client:400202]start a schedule task to get global/local catalog for MYD3PROGRAMS, its period 5s 
2024-04-04 15:25:02.849 [pool-3-thread-1] INFO  com.rs.mv.mvvs.client.catalog.manager.U2CatalogManager - [client:400203]cache file auto update thread launch in XDEMO-PROGS account
2024-04-04 15:25:02.850 [pool-3-thread-1] INFO  com.rs.mv.mvvs.client.catalog.from.config.DirsConfigReader - [client:400206]parse dir config information
2024-04-04 15:25:02.851 [pool-3-thread-1] INFO  com.rs.mv.mvvs.client.catalog.from.config.MappingConfigReader - [client:400207]parse mapping config information
2024-04-04 15:25:02.851 [pool-3-thread-1] INFO  com.rs.mv.mvvs.client.catalog.manager.U2CatalogManager - [client:400202]start a schedule task to get global/local catalog for XDEMO-PROGS, its period 5s 
2024-04-04 15:25:02.857 [pool-3-thread-1] INFO  com.rs.mv.mvvs.client.account.handler.ServerAccountHandler - [client:40010104]load server account: Account{name=XDEMO-PROGS, path=C:/01_UV_UD_guides/MYD3PROGRAMS/XDEMO-PROGS, type=PREDICT}
Account{name=MYD3PROGRAMS, path=C:/01_UV_UD_guides/MYD3PROGRAMS, type=PREDICT}
2024-04-04 15:25:02.857 [pool-3-thread-1] INFO  com.rs.mv.mvvs.client.account.AccountManager - [client:40010105]load account manager finish
2024-04-04 15:25:02.859 [pool-3-thread-1] INFO  com.rs.mv.mvvs.instance.userspace.UserspaceManager - [framework:30010402]config file(C:\Users\rprasad/.rmv/config) watcher launch successful
2024-04-04 15:25:05.590 [pool-3-thread-1] INFO  com.rs.mv.mvvs.lsp.feature.didopen.DidOpen - [LSP:100301]open basic file: file:///c%3A/01_UV_UD_guides/MYD3PROGRAMS/LOGGINGPROG.B
2024-04-04 15:25:05.606 [pool-3-thread-1] INFO  com.rs.mv.mvvs.lsp.feature.didopen.DidOpen - [LSP:100302]convert basic file uri to path: C:/01_UV_UD_guides/MYD3PROGRAMS/LOGGINGPROG.B
2024-04-04 15:25:05.622 [pool-3-thread-1] INFO  com.rs.mv.mvvs.client.catalog.from.scan.CurrentPathScanner - [client:400205]scan file in current open file directory(C:/01_UV_UD_guides/MYD3PROGRAMS)
2024-04-04 15:25:06.439 [pool-5-thread-1] INFO  com.rs.mv.mvvs.client.convention.UvConvention - [client:40030102]get windows home information: Optional.empty
